<?xml version="1.0" encoding="UTF-8"?>
<!-- Generated by org.testng.reporters.JUnitReportReporter -->
<testsuite hostname="DESKTOP-2FLLKU8" failures="0" tests="1" name="com.automation.businessscripts.Gmail_Test" time="4.395" errors="0" timestamp="29 Apr 2021 09:12:46 GMT">
  <testcase classname="com.automation.businessscripts.Gmail_Test" name="gmail_Test" time="4.395"/>
</testsuite> <!-- com.automation.businessscripts.Gmail_Test -->
